<?xml version="1.0" encoding="UTF-8"?>
<testng-results ignored="0" total="1" passed="1" failed="0" skipped="0">
  <reporter-output>
  </reporter-output>
  <suite started-at="2019-02-10T10:55:19Z" name="Default suite" finished-at="2019-02-10T10:56:17Z" duration-ms="57332">
    <groups>
    </groups>
    <test started-at="2019-02-10T10:55:19Z" name="Default test" finished-at="2019-02-10T10:56:17Z" duration-ms="57332">
      <class name="pack1.PageTest">
        <test-method is-config="true" signature="setUp()[pri:0, instance:pack1.PageTest@66d18979]" started-at="2019-02-10T10:55:19Z" name="setUp" finished-at="2019-02-10T10:55:29Z" duration-ms="10063" status="PASS">
          <reporter-output>
          </reporter-output>
        </test-method> <!-- setUp -->
        <test-method signature="testMethod1()[pri:0, instance:pack1.PageTest@66d18979]" started-at="2019-02-10T10:55:29Z" name="testMethod1" finished-at="2019-02-10T10:56:16Z" duration-ms="47133" status="PASS">
          <reporter-output>
          </reporter-output>
        </test-method> <!-- testMethod1 -->
        <test-method is-config="true" signature="tearDown()[pri:0, instance:pack1.PageTest@66d18979]" started-at="2019-02-10T10:56:16Z" name="tearDown" finished-at="2019-02-10T10:56:17Z" duration-ms="110" status="PASS">
          <reporter-output>
          </reporter-output>
        </test-method> <!-- tearDown -->
      </class> <!-- pack1.PageTest -->
    </test> <!-- Default test -->
  </suite> <!-- Default suite -->
</testng-results>
